The Users table has been successfully populated with data.
The Countries table has been successfully populated with data.
The Currencies table has been successfully populated with data.
The Categories table has been successfully populated with data.
The StorageLocations table has been successfully populated with data.
The Profiles table has been successfully populated with data.
The Products table has been successfully populated with data.
The Seed Data has been successfully populated with data.
Server started on port 4000
The Users table has been successfully populated with data.
The Countries table has been successfully populated with data.
The Currencies table has been successfully populated with data.
The Categories table has been successfully populated with data.
The StorageLocations table has been successfully populated with data.
The Profiles table has been successfully populated with data.
The Products table has been successfully populated with data.
The Seed Data has been successfully populated with data.
Server started on port 4000
Server stopped.
The Users table has been successfully populated with data.
The Countries table has been successfully populated with data.
The Currencies table has been successfully populated with data.
The Categories table has been successfully populated with data.
The StorageLocations table has been successfully populated with data.
The Profiles table has been successfully populated with data.
The Products table has been successfully populated with data.
The Seed Data has been successfully populated with data.
Server started on port 4000
The Users table has been successfully populated with data.
The Countries table has been successfully populated with data.
The Currencies table has been successfully populated with data.
The Categories table has been successfully populated with data.
The StorageLocations table has been successfully populated with data.
The Profiles table has been successfully populated with data.
The Products table has been successfully populated with data.
The Seed Data has been successfully populated with data.
Server started on port 4000
The Users table has been successfully populated with data.
The Countries table has been successfully populated with data.
The Currencies table has been successfully populated with data.
The Categories table has been successfully populated with data.
The StorageLocations table has been successfully populated with data.
The Profiles table has been successfully populated with data.
The Products table has been successfully populated with data.
The Seed Data has been successfully populated with data.
Server started on port 4000
The Users table has been successfully populated with data.
The Countries table has been successfully populated with data.
The Currencies table has been successfully populated with data.
The Categories table has been successfully populated with data.
The StorageLocations table has been successfully populated with data.
The Profiles table has been successfully populated with data.
The Products table has been successfully populated with data.
The Seed Data has been successfully populated with data.
Server started on port 4000
The Users table has been successfully populated with data.
The Countries table has been successfully populated with data.
The Currencies table has been successfully populated with data.
The Categories table has been successfully populated with data.
The StorageLocations table has been successfully populated with data.
The Profiles table has been successfully populated with data.
The Products table has been successfully populated with data.
The Seed Data has been successfully populated with data.
Server started on port 4000
The Users table has been successfully populated with data.
The Countries table has been successfully populated with data.
The Currencies table has been successfully populated with data.
The Categories table has been successfully populated with data.
The StorageLocations table has been successfully populated with data.
The Profiles table has been successfully populated with data.
The Products table has been successfully populated with data.
The Seed Data has been successfully populated with data.
Server started on port 4000
The Users table has been successfully populated with data.
The Countries table has been successfully populated with data.
The Currencies table has been successfully populated with data.
The Categories table has been successfully populated with data.
The StorageLocations table has been successfully populated with data.
The Profiles table has been successfully populated with data.
The Products table has been successfully populated with data.
The Seed Data has been successfully populated with data.
Server started on port 4000
The Users table has been successfully populated with data.
The Countries table has been successfully populated with data.
The Currencies table has been successfully populated with data.
The Categories table has been successfully populated with data.
The StorageLocations table has been successfully populated with data.
The Profiles table has been successfully populated with data.
The Products table has been successfully populated with data.
The Seed Data has been successfully populated with data.
Server started on port 4000
The Users table has been successfully populated with data.
The Countries table has been successfully populated with data.
The Currencies table has been successfully populated with data.
The Categories table has been successfully populated with data.
The StorageLocations table has been successfully populated with data.
The Profiles table has been successfully populated with data.
The Products table has been successfully populated with data.
The Seed Data has been successfully populated with data.
Server started on port 4000
The Users table has been successfully populated with data.
The Countries table has been successfully populated with data.
The Currencies table has been successfully populated with data.
The Categories table has been successfully populated with data.
The StorageLocations table has been successfully populated with data.
The Profiles table has been successfully populated with data.
The Products table has been successfully populated with data.
The Seed Data has been successfully populated with data.
Server started on port 4000
